<?xml version="1.0" encoding="UTF-8"?>
<coverage generated="1606833027497" clover="3.2.0">
  <project timestamp="1606833027497" name="All files">
    <metrics statements="24" coveredstatements="24" conditionals="9" coveredconditionals="7" methods="6" coveredmethods="6" elements="39" coveredelements="37" complexity="0" loc="24" ncloc="24" packages="1" files="2" classes="2"/>
    <file name="Statement.js" path="/Users/dmillen/Course/bank-tech-test/src/Statement.js">
      <metrics statements="9" coveredstatements="9" conditionals="4" coveredconditionals="3" methods="2" coveredmethods="2"/>
      <line num="4" count="14" type="stmt"/>
      <line num="5" count="14" type="stmt"/>
      <line num="9" count="6" type="stmt"/>
      <line num="10" count="6" type="stmt"/>
      <line num="11" count="10" type="cond" truecount="2" falsecount="0"/>
      <line num="12" count="4" type="stmt"/>
      <line num="13" count="6" type="cond" truecount="1" falsecount="1"/>
      <line num="14" count="6" type="stmt"/>
      <line num="17" count="6" type="stmt"/>
    </file>
    <file name="Transactions.js" path="/Users/dmillen/Course/bank-tech-test/src/Transactions.js">
      <metrics statements="15" coveredstatements="15" conditionals="5" coveredconditionals="4" methods="4" coveredmethods="4"/>
      <line num="8" count="10" type="stmt"/>
      <line num="9" count="10" type="stmt"/>
      <line num="10" count="10" type="stmt"/>
      <line num="11" count="10" type="stmt"/>
      <line num="15" count="9" type="stmt"/>
      <line num="19" count="7" type="stmt"/>
      <line num="24" count="6" type="stmt"/>
      <line num="25" count="10" type="cond" truecount="2" falsecount="0"/>
      <line num="26" count="6" type="stmt"/>
      <line num="27" count="6" type="stmt"/>
      <line num="28" count="4" type="cond" truecount="1" falsecount="1"/>
      <line num="29" count="4" type="stmt"/>
      <line num="30" count="4" type="stmt"/>
      <line num="36" count="6" type="stmt"/>
      <line num="37" count="6" type="stmt"/>
    </file>
  </project>
</coverage>
