<?xml version="1.0" encoding="UTF-8"?>
<coverage generated="1606840860819" clover="3.2.0">
  <project timestamp="1606840860819" name="All files">
    <metrics statements="28" coveredstatements="28" conditionals="21" coveredconditionals="17" methods="6" coveredmethods="6" elements="55" coveredelements="51" complexity="0" loc="28" ncloc="28" packages="1" files="2" classes="2"/>
    <file name="Statement.js" path="/Users/dmillen/Course/bank-tech-test/src/Statement.js">
      <metrics statements="9" coveredstatements="9" conditionals="4" coveredconditionals="3" methods="2" coveredmethods="2"/>
      <line num="4" count="20" type="stmt"/>
      <line num="5" count="20" type="stmt"/>
      <line num="9" count="7" type="stmt"/>
      <line num="10" count="7" type="stmt"/>
      <line num="11" count="13" type="cond" truecount="2" falsecount="0"/>
      <line num="12" count="5" type="stmt"/>
      <line num="13" count="8" type="cond" truecount="1" falsecount="1"/>
      <line num="14" count="8" type="stmt"/>
      <line num="17" count="7" type="stmt"/>
    </file>
    <file name="Transactions.js" path="/Users/dmillen/Course/bank-tech-test/src/Transactions.js">
      <metrics statements="19" coveredstatements="19" conditionals="17" coveredconditionals="14" methods="4" coveredmethods="4"/>
      <line num="8" count="16" type="stmt"/>
      <line num="9" count="16" type="stmt"/>
      <line num="10" count="16" type="stmt"/>
      <line num="11" count="16" type="stmt"/>
      <line num="15" count="13" type="cond" truecount="2" falsecount="0"/>
      <line num="16" count="12" type="cond" truecount="3" falsecount="1"/>
      <line num="17" count="11" type="stmt"/>
      <line num="21" count="10" type="cond" truecount="2" falsecount="0"/>
      <line num="22" count="9" type="cond" truecount="3" falsecount="1"/>
      <line num="23" count="8" type="stmt"/>
      <line num="28" count="7" type="stmt"/>
      <line num="29" count="13" type="cond" truecount="2" falsecount="0"/>
      <line num="30" count="8" type="stmt"/>
      <line num="31" count="8" type="stmt"/>
      <line num="32" count="5" type="cond" truecount="1" falsecount="1"/>
      <line num="33" count="5" type="stmt"/>
      <line num="34" count="5" type="stmt"/>
      <line num="40" count="7" type="stmt"/>
      <line num="41" count="7" type="stmt"/>
    </file>
  </project>
</coverage>
