{"/Users/dmillen/Course/bank-tech-test/src/Statement.js": {"path":"/Users/dmillen/Course/bank-tech-test/src/Statement.js","statementMap":{"0":{"start":{"line":4,"column":4},"end":{"line":4,"column":65}},"1":{"start":{"line":5,"column":4},"end":{"line":5,"column":29}},"2":{"start":{"line":9,"column":12},"end":{"line":9,"column":38}},"3":{"start":{"line":10,"column":4},"end":{"line":16,"column":5}},"4":{"start":{"line":11,"column":6},"end":{"line":15,"column":7}},"5":{"start":{"line":12,"column":8},"end":{"line":12,"column":172}},"6":{"start":{"line":13,"column":13},"end":{"line":15,"column":7}},"7":{"start":{"line":14,"column":8},"end":{"line":14,"column":172}},"8":{"start":{"line":17,"column":4},"end":{"line":17,"column":52}}},"fnMap":{"0":{"name":"(anonymous_0)","decl":{"start":{"line":3,"column":2},"end":{"line":3,"column":3}},"loc":{"start":{"line":3,"column":16},"end":{"line":6,"column":3}},"line":3},"1":{"name":"(anonymous_1)","decl":{"start":{"line":8,"column":2},"end":{"line":8,"column":3}},"loc":{"start":{"line":8,"column":48},"end":{"line":18,"column":3}},"line":8}},"branchMap":{"0":{"loc":{"start":{"line":11,"column":6},"end":{"line":15,"column":7}},"type":"if","locations":[{"start":{"line":11,"column":6},"end":{"line":15,"column":7}},{"start":{"line":11,"column":6},"end":{"line":15,"column":7}}],"line":11},"1":{"loc":{"start":{"line":13,"column":13},"end":{"line":15,"column":7}},"type":"if","locations":[{"start":{"line":13,"column":13},"end":{"line":15,"column":7}},{"start":{"line":13,"column":13},"end":{"line":15,"column":7}}],"line":13}},"s":{"0":20,"1":20,"2":7,"3":7,"4":13,"5":5,"6":8,"7":8,"8":7},"f":{"0":20,"1":7},"b":{"0":[5,8],"1":[8,0]},"_coverageSchema":"1a1c01bbd47fc00a2c39e90264f33305004495a9","hash":"6f60579d3a06be0f7335e5e3eba66eb58f3ba894"}
,"/Users/dmillen/Course/bank-tech-test/src/Transactions.js": {"path":"/Users/dmillen/Course/bank-tech-test/src/Transactions.js","statementMap":{"0":{"start":{"line":8,"column":4},"end":{"line":8,"column":29}},"1":{"start":{"line":9,"column":4},"end":{"line":9,"column":20}},"2":{"start":{"line":10,"column":4},"end":{"line":10,"column":35}},"3":{"start":{"line":11,"column":4},"end":{"line":11,"column":36}},"4":{"start":{"line":15,"column":4},"end":{"line":15,"column":74}},"5":{"start":{"line":15,"column":20},"end":{"line":15,"column":74}},"6":{"start":{"line":16,"column":4},"end":{"line":16,"column":95}},"7":{"start":{"line":16,"column":43},"end":{"line":16,"column":95}},"8":{"start":{"line":17,"column":4},"end":{"line":17,"column":76}},"9":{"start":{"line":21,"column":4},"end":{"line":21,"column":73}},"10":{"start":{"line":21,"column":20},"end":{"line":21,"column":73}},"11":{"start":{"line":22,"column":4},"end":{"line":22,"column":94}},"12":{"start":{"line":22,"column":43},"end":{"line":22,"column":94}},"13":{"start":{"line":23,"column":4},"end":{"line":23,"column":77}},"14":{"start":{"line":28,"column":4},"end":{"line":36,"column":5}},"15":{"start":{"line":29,"column":6},"end":{"line":35,"column":7}},"16":{"start":{"line":30,"column":31},"end":{"line":30,"column":80}},"17":{"start":{"line":31,"column":8},"end":{"line":31,"column":57}},"18":{"start":{"line":32,"column":12},"end":{"line":35,"column":7}},"19":{"start":{"line":33,"column":31},"end":{"line":33,"column":80}},"20":{"start":{"line":34,"column":8},"end":{"line":34,"column":57}},"21":{"start":{"line":40,"column":4},"end":{"line":40,"column":25}},"22":{"start":{"line":41,"column":4},"end":{"line":41,"column":84}}},"fnMap":{"0":{"name":"(anonymous_0)","decl":{"start":{"line":7,"column":2},"end":{"line":7,"column":3}},"loc":{"start":{"line":7,"column":44},"end":{"line":12,"column":3}},"line":7},"1":{"name":"(anonymous_1)","decl":{"start":{"line":14,"column":2},"end":{"line":14,"column":3}},"loc":{"start":{"line":14,"column":24},"end":{"line":18,"column":3}},"line":14},"2":{"name":"(anonymous_2)","decl":{"start":{"line":20,"column":2},"end":{"line":20,"column":3}},"loc":{"start":{"line":20,"column":25},"end":{"line":24,"column":3}},"line":20},"3":{"name":"(anonymous_3)","decl":{"start":{"line":39,"column":2},"end":{"line":39,"column":3}},"loc":{"start":{"line":39,"column":21},"end":{"line":42,"column":3}},"line":39}},"branchMap":{"0":{"loc":{"start":{"line":7,"column":14},"end":{"line":7,"column":42}},"type":"default-arg","locations":[{"start":{"line":7,"column":29},"end":{"line":7,"column":42}}],"line":7},"1":{"loc":{"start":{"line":15,"column":4},"end":{"line":15,"column":74}},"type":"if","locations":[{"start":{"line":15,"column":4},"end":{"line":15,"column":74}},{"start":{"line":15,"column":4},"end":{"line":15,"column":74}}],"line":15},"2":{"loc":{"start":{"line":16,"column":4},"end":{"line":16,"column":95}},"type":"if","locations":[{"start":{"line":16,"column":4},"end":{"line":16,"column":95}},{"start":{"line":16,"column":4},"end":{"line":16,"column":95}}],"line":16},"3":{"loc":{"start":{"line":16,"column":32},"end":{"line":16,"column":40}},"type":"binary-expr","locations":[{"start":{"line":16,"column":32},"end":{"line":16,"column":35}},{"start":{"line":16,"column":37},"end":{"line":16,"column":40}}],"line":16},"4":{"loc":{"start":{"line":21,"column":4},"end":{"line":21,"column":73}},"type":"if","locations":[{"start":{"line":21,"column":4},"end":{"line":21,"column":73}},{"start":{"line":21,"column":4},"end":{"line":21,"column":73}}],"line":21},"5":{"loc":{"start":{"line":22,"column":4},"end":{"line":22,"column":94}},"type":"if","locations":[{"start":{"line":22,"column":4},"end":{"line":22,"column":94}},{"start":{"line":22,"column":4},"end":{"line":22,"column":94}}],"line":22},"6":{"loc":{"start":{"line":22,"column":32},"end":{"line":22,"column":40}},"type":"binary-expr","locations":[{"start":{"line":22,"column":32},"end":{"line":22,"column":35}},{"start":{"line":22,"column":37},"end":{"line":22,"column":40}}],"line":22},"7":{"loc":{"start":{"line":29,"column":6},"end":{"line":35,"column":7}},"type":"if","locations":[{"start":{"line":29,"column":6},"end":{"line":35,"column":7}},{"start":{"line":29,"column":6},"end":{"line":35,"column":7}}],"line":29},"8":{"loc":{"start":{"line":32,"column":12},"end":{"line":35,"column":7}},"type":"if","locations":[{"start":{"line":32,"column":12},"end":{"line":35,"column":7}},{"start":{"line":32,"column":12},"end":{"line":35,"column":7}}],"line":32}},"s":{"0":16,"1":16,"2":16,"3":16,"4":13,"5":1,"6":12,"7":1,"8":11,"9":10,"10":1,"11":9,"12":1,"13":8,"14":7,"15":13,"16":8,"17":8,"18":5,"19":5,"20":5,"21":7,"22":7},"f":{"0":16,"1":13,"2":10,"3":7},"b":{"0":[16],"1":[1,12],"2":[1,11],"3":[12,0],"4":[1,9],"5":[1,8],"6":[9,0],"7":[8,5],"8":[5,0]},"_coverageSchema":"1a1c01bbd47fc00a2c39e90264f33305004495a9","hash":"3a4d0a108e65668ccbd4124df64e78ae5cb1db68"}
}
