{"/Users/dmillen/Course/bank-tech-test/src/Transactions.js": {"path":"/Users/dmillen/Course/bank-tech-test/src/Transactions.js","statementMap":{"0":{"start":{"line":4,"column":4},"end":{"line":4,"column":29}},"1":{"start":{"line":5,"column":4},"end":{"line":5,"column":61}},"2":{"start":{"line":6,"column":4},"end":{"line":6,"column":23}},"3":{"start":{"line":10,"column":4},"end":{"line":10,"column":95}},"4":{"start":{"line":14,"column":4},"end":{"line":14,"column":96}},"5":{"start":{"line":19,"column":4},"end":{"line":23,"column":5}},"6":{"start":{"line":20,"column":6},"end":{"line":22,"column":7}},"7":{"start":{"line":21,"column":8},"end":{"line":21,"column":127}},"8":{"start":{"line":27,"column":4},"end":{"line":27,"column":17}},"9":{"start":{"line":28,"column":4},"end":{"line":28,"column":42}}},"fnMap":{"0":{"name":"(anonymous_0)","decl":{"start":{"line":3,"column":2},"end":{"line":3,"column":3}},"loc":{"start":{"line":3,"column":16},"end":{"line":7,"column":3}},"line":3},"1":{"name":"(anonymous_1)","decl":{"start":{"line":9,"column":2},"end":{"line":9,"column":3}},"loc":{"start":{"line":9,"column":24},"end":{"line":11,"column":3}},"line":9},"2":{"name":"(anonymous_2)","decl":{"start":{"line":13,"column":2},"end":{"line":13,"column":3}},"loc":{"start":{"line":13,"column":25},"end":{"line":15,"column":3}},"line":13},"3":{"name":"(anonymous_3)","decl":{"start":{"line":17,"column":2},"end":{"line":17,"column":3}},"loc":{"start":{"line":17,"column":11},"end":{"line":24,"column":3}},"line":17},"4":{"name":"(anonymous_4)","decl":{"start":{"line":26,"column":2},"end":{"line":26,"column":3}},"loc":{"start":{"line":26,"column":19},"end":{"line":29,"column":3}},"line":26}},"branchMap":{"0":{"loc":{"start":{"line":20,"column":6},"end":{"line":22,"column":7}},"type":"if","locations":[{"start":{"line":20,"column":6},"end":{"line":22,"column":7}},{"start":{"line":20,"column":6},"end":{"line":22,"column":7}}],"line":20}},"s":{"0":5,"1":5,"2":5,"3":3,"4":4,"5":1,"6":1,"7":1,"8":1,"9":1},"f":{"0":5,"1":3,"2":4,"3":1,"4":1},"b":{"0":[1,0]},"_coverageSchema":"1a1c01bbd47fc00a2c39e90264f33305004495a9","hash":"ce4d779eac4872c3fa73ef820ceee240b9f7c6ee"}
}
