TN:
SF:src/Statement.js
FN:3,(anonymous_0)
FN:8,(anonymous_1)
FNF:2
FNH:2
FNDA:14,(anonymous_0)
FNDA:6,(anonymous_1)
DA:4,14
DA:5,14
DA:9,6
DA:10,6
DA:11,10
DA:12,4
DA:13,6
DA:14,6
DA:17,6
LF:9
LH:9
BRDA:11,0,0,4
BRDA:11,0,1,6
BRDA:13,1,0,6
BRDA:13,1,1,0
BRF:4
BRH:3
end_of_record
TN:
SF:src/Transactions.js
FN:7,(anonymous_0)
FN:14,(anonymous_1)
FN:18,(anonymous_2)
FN:35,(anonymous_3)
FNF:4
FNH:4
FNDA:10,(anonymous_0)
FNDA:9,(anonymous_1)
FNDA:7,(anonymous_2)
FNDA:6,(anonymous_3)
DA:8,10
DA:9,10
DA:10,10
DA:11,10
DA:15,9
DA:19,7
DA:24,6
DA:25,10
DA:26,6
DA:27,6
DA:28,4
DA:29,4
DA:30,4
DA:36,6
DA:37,6
LF:15
LH:15
BRDA:7,0,0,10
BRDA:25,1,0,6
BRDA:25,1,1,4
BRDA:28,2,0,4
BRDA:28,2,1,0
BRF:5
BRH:4
end_of_record
