TN:
SF:src/Statement.js
FN:3,(anonymous_0)
FN:8,(anonymous_1)
FNF:2
FNH:2
FNDA:20,(anonymous_0)
FNDA:7,(anonymous_1)
DA:4,20
DA:5,20
DA:9,7
DA:10,7
DA:11,13
DA:12,5
DA:13,8
DA:14,8
DA:17,7
LF:9
LH:9
BRDA:11,0,0,5
BRDA:11,0,1,8
BRDA:13,1,0,8
BRDA:13,1,1,0
BRF:4
BRH:3
end_of_record
TN:
SF:src/Transactions.js
FN:7,(anonymous_0)
FN:14,(anonymous_1)
FN:20,(anonymous_2)
FN:39,(anonymous_3)
FNF:4
FNH:4
FNDA:16,(anonymous_0)
FNDA:13,(anonymous_1)
FNDA:10,(anonymous_2)
FNDA:7,(anonymous_3)
DA:8,16
DA:9,16
DA:10,16
DA:11,16
DA:15,13
DA:16,12
DA:17,11
DA:21,10
DA:22,9
DA:23,8
DA:28,7
DA:29,13
DA:30,8
DA:31,8
DA:32,5
DA:33,5
DA:34,5
DA:40,7
DA:41,7
LF:19
LH:19
BRDA:7,0,0,16
BRDA:15,1,0,1
BRDA:15,1,1,12
BRDA:16,2,0,1
BRDA:16,2,1,11
BRDA:16,3,0,12
BRDA:16,3,1,0
BRDA:21,4,0,1
BRDA:21,4,1,9
BRDA:22,5,0,1
BRDA:22,5,1,8
BRDA:22,6,0,9
BRDA:22,6,1,0
BRDA:29,7,0,8
BRDA:29,7,1,5
BRDA:32,8,0,5
BRDA:32,8,1,0
BRF:17
BRH:14
end_of_record
